<?xml version="1.0" encoding="utf-8" standalone="no"?>
<!--This file represents the results of running a test suite-->
<test-results name="" total="0" errors="0" failures="0" not-run="0" inconclusive="0" ignored="0" skipped="0" invalid="0" date="2018-02-11" time="17:08:34">
  <environment nunit-version="3.6.0.0" clr-version="4.0.30319.42000" os-version="Microsoft Windows NT 10.0.10586.0" platform="Win32NT" cwd="C:\Projects\ASP.NET-master\CICDSolution\MVCAppTest" machine-name="IE11LTB81XTC2" user="H265456" user-domain="GLOBAL" />
  <culture-info current-culture="en-US" current-uiculture="en-US" />
  <test-suite type="Assembly" name="" executed="True" result="Error" success="False" time="0.001" asserts="0">
    <failure>
      <message><![CDATA[NUnit.Engine.NUnitEngineException : An exception occurred in the driver while loading tests.
  ----> System.IO.FileNotFoundException : Could not load file or assembly 'nunit.framework' or one of its dependencies. The system cannot find the file specified.]]></message>
      <stack-trace><![CDATA[--NUnitEngineException

Server stack trace: 
   at NUnit.Engine.Runners.DirectTestRunner.LoadDriver(IFrameworkDriver driver, String testFile, TestPackage subPackage)
   at NUnit.Engine.Runners.DirectTestRunner.LoadPackage()
   at NUnit.Engine.Runners.DirectTestRunner.EnsurePackageIsLoaded()
   at NUnit.Engine.Runners.DirectTestRunner.RunTests(ITestEventListener listener, TestFilter filter)
   at System.Runtime.Remoting.Messaging.StackBuilderSink._PrivateProcessMessage(IntPtr md, Object[] args, Object server, Object[]& outArgs)
   at System.Runtime.Remoting.Messaging.StackBuilderSink.SyncProcessMessage(IMessage msg)

Exception rethrown at [0]: 
   at System.Runtime.Remoting.Proxies.RealProxy.HandleReturnMessage(IMessage reqMsg, IMessage retMsg)
   at System.Runtime.Remoting.Proxies.RealProxy.PrivateInvoke(MessageData& msgData, Int32 type)
   at NUnit.Engine.ITestEngineRunner.Run(ITestEventListener listener, TestFilter filter)
   at NUnit.Engine.Runners.ProcessRunner.RunTests(ITestEventListener listener, TestFilter filter)
--FileNotFoundException
   at System.Reflection.RuntimeAssembly._nLoad(AssemblyName fileName, String codeBase, Evidence assemblySecurity, RuntimeAssembly locationHint, StackCrawlMark& stackMark, IntPtr pPrivHostBinder, Boolean throwOnFileNotFound, Boolean forIntrospection, Boolean suppressSecurityChecks)
   at System.Reflection.RuntimeAssembly.InternalLoadAssemblyName(AssemblyName assemblyRef, Evidence assemblySecurity, RuntimeAssembly reqAssembly, StackCrawlMark& stackMark, IntPtr pPrivHostBinder, Boolean throwOnFileNotFound, Boolean forIntrospection, Boolean suppressSecurityChecks)
   at System.Activator.CreateInstance(String assemblyString, String typeName, Boolean ignoreCase, BindingFlags bindingAttr, Binder binder, Object[] args, CultureInfo culture, Object[] activationAttributes, Evidence securityInfo, StackCrawlMark& stackMark)
   at System.Activator.CreateInstance(String assemblyName, String typeName, Boolean ignoreCase, BindingFlags bindingAttr, Binder binder, Object[] args, CultureInfo culture, Object[] activationAttributes, Evidence securityInfo)
   at System.AppDomain.CreateInstance(String assemblyName, String typeName, Boolean ignoreCase, BindingFlags bindingAttr, Binder binder, Object[] args, CultureInfo culture, Object[] activationAttributes, Evidence securityAttributes)
   at System.AppDomain.CreateInstanceAndUnwrap(String assemblyName, String typeName, Boolean ignoreCase, BindingFlags bindingAttr, Binder binder, Object[] args, CultureInfo culture, Object[] activationAttributes, Evidence securityAttributes)
   at System.AppDomain.CreateInstanceAndUnwrap(String assemblyName, String typeName, Boolean ignoreCase, BindingFlags bindingAttr, Binder binder, Object[] args, CultureInfo culture, Object[] activationAttributes, Evidence securityAttributes)
   at NUnit.Engine.Drivers.NUnit3FrameworkDriver.CreateObject(String typeName, Object[] args)
   at NUnit.Engine.Drivers.NUnit3FrameworkDriver.Load(String testAssemblyPath, IDictionary`2 settings)
   at NUnit.Engine.Runners.DirectTestRunner.LoadDriver(IFrameworkDriver driver, String testFile, TestPackage subPackage)]]></stack-trace>
    </failure>
    <results />
  </test-suite>
</test-results>